<?xml version="1.0" encoding="UTF-8"?>
<!-- Generated by org.testng.reporters.JUnitReportReporter -->
<testsuite hostname="LAPTOP-K7772342" failures="0" tests="2" name="api.test.SchemaValidation" time="2.095" errors="0" timestamp="2023-04-27T16:10:15 IST" skipped="0">
  <testcase classname="api.test.SchemaValidation" name="testcaseofCreateuser" time="1.071"/>
  <system-out/>
  <testcase classname="api.test.SchemaValidation" name="testcaseofGetuserbyName" time="1.024"/>
  <system-out/>
</testsuite> <!-- api.test.SchemaValidation -->
