<?xml version="1.0" encoding="UTF-8"?>
<!-- Generated by org.testng.reporters.JUnitReportReporter -->
<testsuite hostname="LAPTOP-K7772342" failures="0" tests="4" name="api.test.Usertest2" time="4.907" errors="0" timestamp="2023-04-27T16:10:15 IST" skipped="0">
  <testcase classname="api.test.Usertest2" name="testcaseofCreateuser" time="1.081"/>
  <system-out/>
  <testcase classname="api.test.Usertest2" name="testcaseofGetuserbyName" time="1.086"/>
  <system-out/>
  <testcase classname="api.test.Usertest2" name="testcaseofUpdateuserbyName" time="1.025"/>
  <system-out/>
  <testcase classname="api.test.Usertest2" name="testcaseofDeleteuserbyName" time="1.715"/>
  <system-out/>
</testsuite> <!-- api.test.Usertest2 -->
