<?xml version="1.0" encoding="UTF-8"?>
<!-- Generated by org.testng.reporters.JUnitReportReporter -->
<testsuite hostname="LAPTOP-K7772342" failures="0" tests="4" name="api.test.Usertest" time="7.719" errors="0" timestamp="2023-04-27T16:10:15 IST" skipped="0">
  <testcase classname="api.test.Usertest" name="testcaseofCreateuser" time="2.986"/>
  <system-out/>
  <testcase classname="api.test.Usertest" name="testcaseofGetuserbyName" time="1.247"/>
  <system-out/>
  <testcase classname="api.test.Usertest" name="testcaseofUpdateuserbyName" time="2.469"/>
  <system-out/>
  <testcase classname="api.test.Usertest" name="testcaseofDeleteuserbyName" time="1.017"/>
  <system-out/>
</testsuite> <!-- api.test.Usertest -->
