<?xml version="1.0" encoding="UTF-8"?>
<!-- Generated by org.testng.reporters.JUnitReportReporter -->
<testsuite hostname="LAPTOP-K7772342" failures="0" tests="6" name="api.test.DDTests" time="6.790" errors="0" timestamp="2023-04-27T16:10:15 IST" skipped="0">
  <testcase classname="api.test.DDTests" name="testUserExcel" time="1.071"/>
  <system-out/>
  <testcase classname="api.test.DDTests" name="testUserExcel" time="1.114"/>
  <system-out/>
  <testcase classname="api.test.DDTests" name="testUserExcel" time="1.504"/>
  <system-out/>
  <testcase classname="api.test.DDTests" name="testuserExcelDelete" time="1.048"/>
  <system-out/>
  <testcase classname="api.test.DDTests" name="testuserExcelDelete" time="1.041"/>
  <system-out/>
  <testcase classname="api.test.DDTests" name="testuserExcelDelete" time="1.012"/>
  <system-out/>
</testsuite> <!-- api.test.DDTests -->
