<?xml version="1.0" encoding="UTF-8"?>
<!-- Generated by org.testng.reporters.JUnitReportReporter -->
<testsuite hostname="LAPTOP-K7772342" failures="0" tests="4" name="api.test.Usertest2" time="5.562" errors="0" timestamp="2023-05-04T14:11:53 IST" skipped="0">
  <testcase classname="api.test.Usertest2" name="testcaseofCreateuser" time="1.278"/>
  <system-out/>
  <testcase classname="api.test.Usertest2" name="testcaseofGetuserbyName" time="1.269"/>
  <system-out/>
  <testcase classname="api.test.Usertest2" name="testcaseofUpdateuserbyName" time="1.755"/>
  <system-out/>
  <testcase classname="api.test.Usertest2" name="testcaseofDeleteuserbyName" time="1.260"/>
  <system-out/>
</testsuite> <!-- api.test.Usertest2 -->
