<?xml version="1.0" encoding="UTF-8"?>
<!-- Generated by org.testng.reporters.JUnitReportReporter -->
<testsuite hostname="LAPTOP-K7772342" failures="0" tests="6" name="api.test.DDTests" time="9.365" errors="0" timestamp="2023-05-04T14:11:53 IST" skipped="0">
  <testcase classname="api.test.DDTests" name="testUserExcel" time="1.298"/>
  <system-out/>
  <testcase classname="api.test.DDTests" name="testUserExcel" time="1.254"/>
  <system-out/>
  <testcase classname="api.test.DDTests" name="testUserExcel" time="1.241"/>
  <system-out/>
  <testcase classname="api.test.DDTests" name="testuserExcelDelete" time="1.242"/>
  <system-out/>
  <testcase classname="api.test.DDTests" name="testuserExcelDelete" time="1.248"/>
  <system-out/>
  <testcase classname="api.test.DDTests" name="testuserExcelDelete" time="3.082"/>
  <system-out/>
</testsuite> <!-- api.test.DDTests -->
