<?xml version="1.0" encoding="UTF-8"?>
<!-- Generated by org.testng.reporters.JUnitReportReporter -->
<testsuite hostname="LAPTOP-K7772342" failures="0" tests="4" name="api.test.Usertest" time="7.035" errors="0" timestamp="2023-05-04T14:11:53 IST" skipped="0">
  <testcase classname="api.test.Usertest" name="testcaseofCreateuser" time="2.889"/>
  <system-out/>
  <testcase classname="api.test.Usertest" name="testcaseofGetuserbyName" time="1.545"/>
  <system-out/>
  <testcase classname="api.test.Usertest" name="testcaseofUpdateuserbyName" time="1.272"/>
  <system-out/>
  <testcase classname="api.test.Usertest" name="testcaseofDeleteuserbyName" time="1.329"/>
  <system-out/>
</testsuite> <!-- api.test.Usertest -->
